2024-06-13T11:41:45 - 11:41:45 VERB Message findAll({"id":"7278797940240885702"})
2024-06-13T11:41:45 - 11:41:45 VERB PuppetMessageMixin messageSearch({"id":"7278797940240885702"})
2024-06-13T11:41:45 - 11:41:45 VERB PuppetMessageMixin messagePayload(7278797940240885702)
2024-06-13T11:41:45 - 11:41:45 VERB PuppetWechat4u messageRawPayload(7278797940240885702)
2024-06-13T11:41:45 - 11:41:45 VERB PuppetWechat4u messageRawPayloadParser([object Object]) @ Puppet<PuppetWechat4u>(hml)
2024-06-13T11:41:45 - 11:41:45 VERB Message mention()
2024-06-13T11:41:45 - 11:41:45 VERB PuppetRoomMemberMixin roomMemberSearch(@@0e4be7fddbd83d2856269be07eed04ee2d614cda90a2e7b8df987671de1fa088, "小崎")
2024-06-13T11:41:45 - 11:41:45 VERB PuppetWechat4u roommemberList(@@0e4be7fddbd83d2856269be07eed04ee2d614cda90a2e7b8df987671de1fa088)
2024-06-13T11:41:45 - 11:41:45 VERB PuppetWechat4u roomRawPayload(@@0e4be7fddbd83d2856269be07eed04ee2d614cda90a2e7b8df987671de1fa088)
2024-06-13T11:41:45 - 11:41:45 VERB PuppetWechat4u contactRawPayload(@@0e4be7fddbd83d2856269be07eed04ee2d614cda90a2e7b8df987671de1fa088) retry() attempt=1
2024-06-13T11:41:45 - 11:41:45 VERB PuppetRoomMemberMixin roomMemberSearch(@@0e4be7fddbd83d2856269be07eed04ee2d614cda90a2e7b8df987671de1fa088, {"roomAlias":"小崎"})
2024-06-13T11:41:45 - 11:41:45 VERB PuppetRoomMemberMixin roomMemberPayload(roomId=@@0e4be7fddbd83d2856269be07eed04ee2d614cda90a2e7b8df987671de1fa088, memberId=@648d609839dbc337f0700529ba5c6886)
2024-06-13T11:41:45 - 11:41:45 VERB PuppetWechat4u roomMemberRawPayload(@@0e4be7fddbd83d2856269be07eed04ee2d614cda90a2e7b8df987671de1fa088, @648d609839dbc337f0700529ba5c6886)
2024-06-13T11:41:45 - 11:41:45 VERB PuppetWechat4u roomRawPayload(@@0e4be7fddbd83d2856269be07eed04ee2d614cda90a2e7b8df987671de1fa088)
2024-06-13T11:41:45 - 11:41:45 VERB PuppetRoomMemberMixin roomMemberPayload(roomId=@@0e4be7fddbd83d2856269be07eed04ee2d614cda90a2e7b8df987671de1fa088, memberId=@12e494699c43f873e8663d216bce1bb2109d9c4b7fa3e3c1ecab05a843790441)
2024-06-13T11:41:45 - 11:41:45 VERB PuppetWechat4u roomMemberRawPayload(@@0e4be7fddbd83d2856269be07eed04ee2d614cda90a2e7b8df987671de1fa088, @12e494699c43f873e8663d216bce1bb2109d9c4b7fa3e3c1ecab05a843790441)
2024-06-13T11:41:45 - 11:41:45 VERB PuppetWechat4u roomRawPayload(@@0e4be7fddbd83d2856269be07eed04ee2d614cda90a2e7b8df987671de1fa088)
2024-06-13T11:41:45 - 11:41:45 VERB PuppetRoomMemberMixin roomMemberPayload(roomId=@@0e4be7fddbd83d2856269be07eed04ee2d614cda90a2e7b8df987671de1fa088, memberId=@c660e12c01119616de70a6c54a36ba59a9990fd54def5211bc33e59ac52e7e54)
2024-06-13T11:41:45 - 11:41:45 VERB PuppetWechat4u roomMemberRawPayload(@@0e4be7fddbd83d2856269be07eed04ee2d614cda90a2e7b8df987671de1fa088, @c660e12c01119616de70a6c54a36ba59a9990fd54def5211bc33e59ac52e7e54)
2024-06-13T11:41:45 - 11:41:45 VERB PuppetWechat4u roomRawPayload(@@0e4be7fddbd83d2856269be07eed04ee2d614cda90a2e7b8df987671de1fa088)
2024-06-13T11:41:45 - 11:41:45 VERB PuppetRoomMemberMixin roomMemberSearch(@@0e4be7fddbd83d2856269be07eed04ee2d614cda90a2e7b8df987671de1fa088, {"name":"小崎"})
2024-06-13T11:41:45 - 11:41:45 VERB PuppetContactMixin contactSearch(query={"name":"小崎"}, idList.length = 3)
2024-06-13T11:41:45 - 11:41:45 VERB PuppetContactMixin contactQueryFilterFactory({"name":"小崎"})
2024-06-13T11:41:45 - 11:41:45 VERB PuppetRoomMemberMixin roomMemberSearch(@@0e4be7fddbd83d2856269be07eed04ee2d614cda90a2e7b8df987671de1fa088, {"contactAlias":"小崎"})
2024-06-13T11:41:45 - 11:41:45 VERB PuppetContactMixin contactSearch(query={"alias":"小崎"}, idList.length = 3)
2024-06-13T11:41:45 - 11:41:45 VERB PuppetContactMixin contactQueryFilterFactory({"alias":"小崎"})
2024-06-13T11:41:45 - 11:41:45 VERB PuppetWechat4u contactRawPayload(@@0e4be7fddbd83d2856269be07eed04ee2d614cda90a2e7b8df987671de1fa088) retry() attempt=1
2024-06-13T11:41:45 - 11:41:45 VERB PuppetWechat4u contactRawPayload(@@0e4be7fddbd83d2856269be07eed04ee2d614cda90a2e7b8df987671de1fa088) retry() attempt=1
2024-06-13T11:41:45 - 11:41:45 VERB PuppetWechat4u contactRawPayload(@@0e4be7fddbd83d2856269be07eed04ee2d614cda90a2e7b8df987671de1fa088) retry() attempt=1
2024-06-13T11:41:45 - 11:41:45 VERB PuppetWechat4u roomMemberRawPayloadParser([object Object])
2024-06-13T11:41:45 - 11:41:45 VERB PuppetWechat4u roomMemberRawPayloadParser([object Object])
2024-06-13T11:41:45 - 11:41:45 VERB PuppetWechat4u roomMemberRawPayloadParser([object Object])
2024-06-13T11:41:45 - 11:41:45 VERB Message static load(7278797940240885702)
2024-06-13T11:41:45 - 11:41:45 VERB Message constructor(7278797940240885702) for class WechatifiedMessageImpl
2024-06-13T11:41:45 - 11:41:45 VERB Message ready()
2024-06-13T11:41:45 - 11:41:45 VERB PuppetMessageMixin messagePayload(7278797940240885702)
2024-06-13T11:41:45 - 进入群消息
2024-06-13T11:41:45 - 群消息是 文本 消息
2024-06-13T11:41:45 - 11:41:45 VERB Room topic()
2024-06-13T11:41:45 - 11:41:45 VERB Message mentionList()
2024-06-13T11:41:45 - content[@小崎 你真厉害]
2024-06-13T11:41:45 - 11:41:45 VERB ContactSelf name()
2024-06-13T11:41:45 - 11:41:45 VERB Message mentionList()
2024-06-13T11:41:45 - 进入群文本消息处理，被@[false],@所有人[false]
2024-06-13T11:41:45 - 11:41:45 VERB Room topic()
2024-06-13T11:41:45 - topic[咱们仨] whiltelist[aaa,bbb咱们仨] whilte talkers[*]
2024-06-13T11:41:45 - 11:41:45 VERB Room topic()
2024-06-13T11:41:45 - topic[咱们仨] whiltelist[abc测试群,咱们仨1] whilte talkers[*]
2024-06-13T11:41:45 - 11:41:45 VERB Room topic()
2024-06-13T11:41:45 - topic[咱们仨] whiltelist[abc测试群] whilte talkers[*]
2024-06-13T11:41:45 - 11:41:45 VERB Room topic()
2024-06-13T11:41:45 - topic[咱们仨] whiltelist[*] whilte talkers[undefined]
2024-06-13T11:41:45 - 群名和发消息人校验通过，进入 动作 规则处理
2024-06-13T11:41:45 - 11:41:45 VERB Room topic()
2024-06-13T11:41:45 - topic[咱们仨] whiltelist[*] whilte talkers[undefined]
2024-06-13T11:41:45 - 群名和发消息人校验通过，进入 动作 规则处理
2024-06-13T11:41:45 - 11:41:45 VERB Room topic()
2024-06-13T11:41:45 - topic[咱们仨] whiltelist[*] whilte talkers[undefined]
2024-06-13T11:41:45 - 群名和发消息人校验通过，进入 动作 规则处理
2024-06-13T11:41:45 - 11:41:45 VERB Room topic()
2024-06-13T11:41:45 - topic[咱们仨] whiltelist[*] whilte talkers[undefined]
2024-06-13T11:41:45 - 群名和发消息人校验通过，进入 动作 规则处理
2024-06-13T11:41:46 - ------------<<<<>>>>>>-----------Bot received heartbeat: heartbeat@puppet-wechat4u:normal
2024-06-13T11:42:01 - ------------<<<<>>>>>>-----------Bot received heartbeat: heartbeat@puppet-wechat4u:normal
2024-06-13T11:42:05 - 11:42:05 VERB Message find({"id":"5254155998097608156"})
2024-06-13T11:42:05 - 11:42:05 VERB Message findAll({"id":"5254155998097608156"})
2024-06-13T11:42:05 - 11:42:05 VERB PuppetMessageMixin messageSearch({"id":"5254155998097608156"})
2024-06-13T11:42:05 - 11:42:05 VERB PuppetMessageMixin messagePayload(5254155998097608156)
2024-06-13T11:42:05 - 11:42:05 VERB PuppetWechat4u messageRawPayload(5254155998097608156)
2024-06-13T11:42:05 - 11:42:05 VERB PuppetWechat4u messageRawPayloadParser([object Object]) @ Puppet<PuppetWechat4u>(hml)
2024-06-13T11:42:05 - 11:42:05 VERB Message mention()
2024-06-13T11:42:05 - 11:42:05 VERB PuppetRoomMemberMixin roomMemberSearch(@@0e4be7fddbd83d2856269be07eed04ee2d614cda90a2e7b8df987671de1fa088, "小崎")
2024-06-13T11:42:05 - 11:42:05 VERB PuppetWechat4u roommemberList(@@0e4be7fddbd83d2856269be07eed04ee2d614cda90a2e7b8df987671de1fa088)
2024-06-13T11:42:05 - 11:42:05 VERB PuppetWechat4u roomRawPayload(@@0e4be7fddbd83d2856269be07eed04ee2d614cda90a2e7b8df987671de1fa088)
2024-06-13T11:42:05 - 11:42:05 VERB PuppetWechat4u contactRawPayload(@@0e4be7fddbd83d2856269be07eed04ee2d614cda90a2e7b8df987671de1fa088) retry() attempt=1
2024-06-13T11:42:05 - 11:42:05 VERB PuppetRoomMemberMixin roomMemberSearch(@@0e4be7fddbd83d2856269be07eed04ee2d614cda90a2e7b8df987671de1fa088, {"roomAlias":"小崎"})
2024-06-13T11:42:05 - 11:42:05 VERB PuppetRoomMemberMixin roomMemberPayload(roomId=@@0e4be7fddbd83d2856269be07eed04ee2d614cda90a2e7b8df987671de1fa088, memberId=@648d609839dbc337f0700529ba5c6886)
2024-06-13T11:42:05 - 11:42:05 VERB PuppetWechat4u roomMemberRawPayload(@@0e4be7fddbd83d2856269be07eed04ee2d614cda90a2e7b8df987671de1fa088, @648d609839dbc337f0700529ba5c6886)
2024-06-13T11:42:05 - 11:42:05 VERB PuppetWechat4u roomRawPayload(@@0e4be7fddbd83d2856269be07eed04ee2d614cda90a2e7b8df987671de1fa088)
2024-06-13T11:42:05 - 11:42:05 VERB PuppetRoomMemberMixin roomMemberPayload(roomId=@@0e4be7fddbd83d2856269be07eed04ee2d614cda90a2e7b8df987671de1fa088, memberId=@12e494699c43f873e8663d216bce1bb2109d9c4b7fa3e3c1ecab05a843790441)
2024-06-13T11:42:05 - 11:42:05 VERB PuppetWechat4u roomMemberRawPayload(@@0e4be7fddbd83d2856269be07eed04ee2d614cda90a2e7b8df987671de1fa088, @12e494699c43f873e8663d216bce1bb2109d9c4b7fa3e3c1ecab05a843790441)
2024-06-13T11:42:05 - 11:42:05 VERB PuppetWechat4u roomRawPayload(@@0e4be7fddbd83d2856269be07eed04ee2d614cda90a2e7b8df987671de1fa088)
2024-06-13T11:42:05 - 11:42:05 VERB PuppetRoomMemberMixin roomMemberPayload(roomId=@@0e4be7fddbd83d2856269be07eed04ee2d614cda90a2e7b8df987671de1fa088, memberId=@c660e12c01119616de70a6c54a36ba59a9990fd54def5211bc33e59ac52e7e54)
2024-06-13T11:42:05 - 11:42:05 VERB PuppetWechat4u roomMemberRawPayload(@@0e4be7fddbd83d2856269be07eed04ee2d614cda90a2e7b8df987671de1fa088, @c660e12c01119616de70a6c54a36ba59a9990fd54def5211bc33e59ac52e7e54)
2024-06-13T11:42:05 - 11:42:05 VERB PuppetWechat4u roomRawPayload(@@0e4be7fddbd83d2856269be07eed04ee2d614cda90a2e7b8df987671de1fa088)
2024-06-13T11:42:05 - 11:42:05 VERB PuppetRoomMemberMixin roomMemberSearch(@@0e4be7fddbd83d2856269be07eed04ee2d614cda90a2e7b8df987671de1fa088, {"name":"小崎"})
2024-06-13T11:42:05 - 11:42:05 VERB PuppetContactMixin contactSearch(query={"name":"小崎"}, idList.length = 3)
2024-06-13T11:42:05 - 11:42:05 VERB PuppetContactMixin contactQueryFilterFactory({"name":"小崎"})
2024-06-13T11:42:05 - 11:42:05 VERB PuppetRoomMemberMixin roomMemberSearch(@@0e4be7fddbd83d2856269be07eed04ee2d614cda90a2e7b8df987671de1fa088, {"contactAlias":"小崎"})
2024-06-13T11:42:05 - 11:42:05 VERB PuppetContactMixin contactSearch(query={"alias":"小崎"}, idList.length = 3)
2024-06-13T11:42:05 - 11:42:05 VERB PuppetContactMixin contactQueryFilterFactory({"alias":"小崎"})
2024-06-13T11:42:05 - 11:42:05 VERB PuppetWechat4u contactRawPayload(@@0e4be7fddbd83d2856269be07eed04ee2d614cda90a2e7b8df987671de1fa088) retry() attempt=1
2024-06-13T11:42:05 - 11:42:05 VERB PuppetWechat4u contactRawPayload(@@0e4be7fddbd83d2856269be07eed04ee2d614cda90a2e7b8df987671de1fa088) retry() attempt=1
2024-06-13T11:42:05 - 11:42:05 VERB PuppetWechat4u contactRawPayload(@@0e4be7fddbd83d2856269be07eed04ee2d614cda90a2e7b8df987671de1fa088) retry() attempt=1
2024-06-13T11:42:05 - 11:42:05 VERB PuppetWechat4u roomMemberRawPayloadParser([object Object])
2024-06-13T11:42:05 - 11:42:05 VERB PuppetWechat4u roomMemberRawPayloadParser([object Object])
2024-06-13T11:42:05 - 11:42:05 VERB PuppetWechat4u roomMemberRawPayloadParser([object Object])
2024-06-13T11:42:05 - 11:42:05 VERB Message static load(5254155998097608156)
2024-06-13T11:42:05 - 11:42:05 VERB Message constructor(5254155998097608156) for class WechatifiedMessageImpl
2024-06-13T11:42:05 - 11:42:05 VERB Message ready()
2024-06-13T11:42:05 - 11:42:05 VERB PuppetMessageMixin messagePayload(5254155998097608156)
2024-06-13T11:42:05 - 进入群消息
2024-06-13T11:42:05 - 群消息是 文本 消息
2024-06-13T11:42:05 - 11:42:05 VERB Room topic()
2024-06-13T11:42:05 - 11:42:05 VERB Message mentionList()
2024-06-13T11:42:05 - content[@小崎 你真厉害]
2024-06-13T11:42:05 - 11:42:05 VERB ContactSelf name()
2024-06-13T11:42:05 - 11:42:05 VERB Message mentionList()
2024-06-13T11:42:05 - 进入群文本消息处理，被@[false],@所有人[false]
2024-06-13T11:42:05 - 11:42:05 VERB Room topic()
2024-06-13T11:42:05 - topic[咱们仨] whiltelist[aaa,bbb咱们仨] whilte talkers[*]
2024-06-13T11:42:05 - 11:42:05 VERB Room topic()
2024-06-13T11:42:05 - topic[咱们仨] whiltelist[abc测试群,咱们仨1] whilte talkers[*]
2024-06-13T11:42:05 - 11:42:05 VERB Room topic()
2024-06-13T11:42:05 - topic[咱们仨] whiltelist[abc测试群] whilte talkers[*]
2024-06-13T11:42:05 - 11:42:05 VERB Room topic()
2024-06-13T11:42:05 - topic[咱们仨] whiltelist[*] whilte talkers[undefined]
2024-06-13T11:42:05 - 群名和发消息人校验通过，进入 动作 规则处理
2024-06-13T11:42:05 - 11:42:05 VERB Room topic()
2024-06-13T11:42:05 - topic[咱们仨] whiltelist[*] whilte talkers[undefined]
2024-06-13T11:42:05 - 群名和发消息人校验通过，进入 动作 规则处理
2024-06-13T11:42:05 - 11:42:05 VERB Room topic()
2024-06-13T11:42:05 - topic[咱们仨] whiltelist[*] whilte talkers[undefined]
2024-06-13T11:42:05 - 群名和发消息人校验通过，进入 动作 规则处理
2024-06-13T11:42:05 - 11:42:05 VERB Room topic()
2024-06-13T11:42:05 - topic[咱们仨] whiltelist[*] whilte talkers[undefined]
2024-06-13T11:42:05 - 群名和发消息人校验通过，进入 动作 规则处理
2024-06-13T11:42:08 - 11:42:08 VERB Message find({"id":"3826510588948165536"})
2024-06-13T11:42:08 - 11:42:08 VERB Message findAll({"id":"3826510588948165536"})
2024-06-13T11:42:08 - 11:42:08 VERB PuppetMessageMixin messageSearch({"id":"3826510588948165536"})
2024-06-13T11:42:08 - 11:42:08 VERB PuppetMessageMixin messagePayload(3826510588948165536)
2024-06-13T11:42:08 - 11:42:08 VERB PuppetWechat4u messageRawPayload(3826510588948165536)
2024-06-13T11:42:08 - 11:42:08 VERB PuppetWechat4u messageRawPayloadParser([object Object]) @ Puppet<PuppetWechat4u>(hml)
2024-06-13T11:42:08 - 11:42:08 VERB Message mention()
2024-06-13T11:42:08 - 11:42:08 VERB PuppetRoomMemberMixin roomMemberSearch(@@0e4be7fddbd83d2856269be07eed04ee2d614cda90a2e7b8df987671de1fa088, "小崎")
2024-06-13T11:42:08 - 11:42:08 VERB PuppetWechat4u roommemberList(@@0e4be7fddbd83d2856269be07eed04ee2d614cda90a2e7b8df987671de1fa088)
2024-06-13T11:42:08 - 11:42:08 VERB PuppetWechat4u roomRawPayload(@@0e4be7fddbd83d2856269be07eed04ee2d614cda90a2e7b8df987671de1fa088)
2024-06-13T11:42:08 - 11:42:08 VERB PuppetWechat4u contactRawPayload(@@0e4be7fddbd83d2856269be07eed04ee2d614cda90a2e7b8df987671de1fa088) retry() attempt=1
2024-06-13T11:42:08 - 11:42:08 VERB PuppetRoomMemberMixin roomMemberSearch(@@0e4be7fddbd83d2856269be07eed04ee2d614cda90a2e7b8df987671de1fa088, {"roomAlias":"小崎"})
2024-06-13T11:42:08 - 11:42:08 VERB PuppetRoomMemberMixin roomMemberPayload(roomId=@@0e4be7fddbd83d2856269be07eed04ee2d614cda90a2e7b8df987671de1fa088, memberId=@648d609839dbc337f0700529ba5c6886)
2024-06-13T11:42:08 - 11:42:08 VERB PuppetWechat4u roomMemberRawPayload(@@0e4be7fddbd83d2856269be07eed04ee2d614cda90a2e7b8df987671de1fa088, @648d609839dbc337f0700529ba5c6886)
2024-06-13T11:42:08 - 11:42:08 VERB PuppetWechat4u roomRawPayload(@@0e4be7fddbd83d2856269be07eed04ee2d614cda90a2e7b8df987671de1fa088)
2024-06-13T11:42:08 - 11:42:08 VERB PuppetRoomMemberMixin roomMemberPayload(roomId=@@0e4be7fddbd83d2856269be07eed04ee2d614cda90a2e7b8df987671de1fa088, memberId=@12e494699c43f873e8663d216bce1bb2109d9c4b7fa3e3c1ecab05a843790441)
2024-06-13T11:42:08 - 11:42:08 VERB PuppetWechat4u roomMemberRawPayload(@@0e4be7fddbd83d2856269be07eed04ee2d614cda90a2e7b8df987671de1fa088, @12e494699c43f873e8663d216bce1bb2109d9c4b7fa3e3c1ecab05a843790441)
2024-06-13T11:42:08 - 11:42:08 VERB PuppetWechat4u roomRawPayload(@@0e4be7fddbd83d2856269be07eed04ee2d614cda90a2e7b8df987671de1fa088)
2024-06-13T11:42:08 - 11:42:08 VERB PuppetRoomMemberMixin roomMemberPayload(roomId=@@0e4be7fddbd83d2856269be07eed04ee2d614cda90a2e7b8df987671de1fa088, memberId=@c660e12c01119616de70a6c54a36ba59a9990fd54def5211bc33e59ac52e7e54)
2024-06-13T11:42:08 - 11:42:08 VERB PuppetWechat4u roomMemberRawPayload(@@0e4be7fddbd83d2856269be07eed04ee2d614cda90a2e7b8df987671de1fa088, @c660e12c01119616de70a6c54a36ba59a9990fd54def5211bc33e59ac52e7e54)
2024-06-13T11:42:08 - 11:42:08 VERB PuppetWechat4u roomRawPayload(@@0e4be7fddbd83d2856269be07eed04ee2d614cda90a2e7b8df987671de1fa088)
2024-06-13T11:42:08 - 11:42:08 VERB PuppetRoomMemberMixin roomMemberSearch(@@0e4be7fddbd83d2856269be07eed04ee2d614cda90a2e7b8df987671de1fa088, {"name":"小崎"})
2024-06-13T11:42:08 - 11:42:08 VERB PuppetContactMixin contactSearch(query={"name":"小崎"}, idList.length = 3)
2024-06-13T11:42:08 - 11:42:08 VERB PuppetContactMixin contactQueryFilterFactory({"name":"小崎"})
2024-06-13T11:42:08 - 11:42:08 VERB PuppetRoomMemberMixin roomMemberSearch(@@0e4be7fddbd83d2856269be07eed04ee2d614cda90a2e7b8df987671de1fa088, {"contactAlias":"小崎"})
2024-06-13T11:42:08 - 11:42:08 VERB PuppetContactMixin contactSearch(query={"alias":"小崎"}, idList.length = 3)
2024-06-13T11:42:08 - 11:42:08 VERB PuppetContactMixin contactQueryFilterFactory({"alias":"小崎"})
2024-06-13T11:42:08 - 11:42:08 VERB PuppetWechat4u contactRawPayload(@@0e4be7fddbd83d2856269be07eed04ee2d614cda90a2e7b8df987671de1fa088) retry() attempt=1
2024-06-13T11:42:08 - 11:42:08 VERB PuppetWechat4u contactRawPayload(@@0e4be7fddbd83d2856269be07eed04ee2d614cda90a2e7b8df987671de1fa088) retry() attempt=1
2024-06-13T11:42:08 - 11:42:08 VERB PuppetWechat4u contactRawPayload(@@0e4be7fddbd83d2856269be07eed04ee2d614cda90a2e7b8df987671de1fa088) retry() attempt=1
2024-06-13T11:42:08 - 11:42:08 VERB PuppetWechat4u roomMemberRawPayloadParser([object Object])
2024-06-13T11:42:08 - 11:42:08 VERB PuppetWechat4u roomMemberRawPayloadParser([object Object])
2024-06-13T11:42:08 - 11:42:08 VERB PuppetWechat4u roomMemberRawPayloadParser([object Object])
2024-06-13T11:42:08 - 11:42:08 VERB Message static load(3826510588948165536)
2024-06-13T11:42:08 - 11:42:08 VERB Message constructor(3826510588948165536) for class WechatifiedMessageImpl
2024-06-13T11:42:08 - 11:42:08 VERB Message ready()
2024-06-13T11:42:08 - 11:42:08 VERB PuppetMessageMixin messagePayload(3826510588948165536)
2024-06-13T11:42:08 - 进入群消息
2024-06-13T11:42:08 - 群消息是 文本 消息
2024-06-13T11:42:08 - 11:42:08 VERB Room topic()
2024-06-13T11:42:08 - 11:42:08 VERB Message mentionList()
2024-06-13T11:42:08 - content[@小崎 你真厉害]
2024-06-13T11:42:08 - 11:42:08 VERB ContactSelf name()
2024-06-13T11:42:08 - 11:42:08 VERB Message mentionList()
2024-06-13T11:42:08 - 进入群文本消息处理，被@[false],@所有人[false]
2024-06-13T11:42:08 - 11:42:08 VERB Room topic()
2024-06-13T11:42:08 - topic[咱们仨] whiltelist[aaa,bbb咱们仨] whilte talkers[*]
2024-06-13T11:42:08 - 11:42:08 VERB Room topic()
2024-06-13T11:42:08 - topic[咱们仨] whiltelist[abc测试群,咱们仨1] whilte talkers[*]
2024-06-13T11:42:08 - 11:42:08 VERB Room topic()
2024-06-13T11:42:08 - topic[咱们仨] whiltelist[abc测试群] whilte talkers[*]
2024-06-13T11:42:08 - 11:42:08 VERB Room topic()
2024-06-13T11:42:08 - topic[咱们仨] whiltelist[*] whilte talkers[undefined]
2024-06-13T11:42:08 - 群名和发消息人校验通过，进入 动作 规则处理
2024-06-13T11:42:08 - 11:42:08 VERB Room topic()
2024-06-13T11:42:08 - topic[咱们仨] whiltelist[*] whilte talkers[undefined]
2024-06-13T11:42:08 - 群名和发消息人校验通过，进入 动作 规则处理
2024-06-13T11:42:08 - 11:42:08 VERB Room topic()
2024-06-13T11:42:08 - topic[咱们仨] whiltelist[*] whilte talkers[undefined]
2024-06-13T11:42:08 - 群名和发消息人校验通过，进入 动作 规则处理
2024-06-13T11:42:08 - 11:42:08 VERB Room topic()
2024-06-13T11:42:08 - topic[咱们仨] whiltelist[*] whilte talkers[undefined]
2024-06-13T11:42:08 - 群名和发消息人校验通过，进入 动作 规则处理
2024-06-13T11:42:10 - 11:42:10 VERB Message find({"id":"5626523448395216632"})
2024-06-13T11:42:10 - 11:42:10 VERB Message findAll({"id":"5626523448395216632"})
2024-06-13T11:42:10 - 11:42:10 VERB PuppetMessageMixin messageSearch({"id":"5626523448395216632"})
2024-06-13T11:42:10 - 11:42:10 VERB PuppetMessageMixin messagePayload(5626523448395216632)
2024-06-13T11:42:10 - 11:42:10 VERB PuppetWechat4u messageRawPayload(5626523448395216632)
2024-06-13T11:42:10 - 11:42:10 VERB PuppetWechat4u messageRawPayloadParser([object Object]) @ Puppet<PuppetWechat4u>(hml)
2024-06-13T11:42:10 - 11:42:10 VERB Message mention()
2024-06-13T11:42:10 - 11:42:10 VERB PuppetRoomMemberMixin roomMemberSearch(@@0e4be7fddbd83d2856269be07eed04ee2d614cda90a2e7b8df987671de1fa088, "小崎")
2024-06-13T11:42:10 - 11:42:10 VERB PuppetWechat4u roommemberList(@@0e4be7fddbd83d2856269be07eed04ee2d614cda90a2e7b8df987671de1fa088)
2024-06-13T11:42:10 - 11:42:10 VERB PuppetWechat4u roomRawPayload(@@0e4be7fddbd83d2856269be07eed04ee2d614cda90a2e7b8df987671de1fa088)
2024-06-13T11:42:10 - 11:42:10 VERB PuppetWechat4u contactRawPayload(@@0e4be7fddbd83d2856269be07eed04ee2d614cda90a2e7b8df987671de1fa088) retry() attempt=1
2024-06-13T11:42:10 - 11:42:10 VERB PuppetRoomMemberMixin roomMemberSearch(@@0e4be7fddbd83d2856269be07eed04ee2d614cda90a2e7b8df987671de1fa088, {"roomAlias":"小崎"})
2024-06-13T11:42:10 - 11:42:10 VERB PuppetRoomMemberMixin roomMemberPayload(roomId=@@0e4be7fddbd83d2856269be07eed04ee2d614cda90a2e7b8df987671de1fa088, memberId=@648d609839dbc337f0700529ba5c6886)
2024-06-13T11:42:10 - 11:42:10 VERB PuppetWechat4u roomMemberRawPayload(@@0e4be7fddbd83d2856269be07eed04ee2d614cda90a2e7b8df987671de1fa088, @648d609839dbc337f0700529ba5c6886)
2024-06-13T11:42:10 - 11:42:10 VERB PuppetWechat4u roomRawPayload(@@0e4be7fddbd83d2856269be07eed04ee2d614cda90a2e7b8df987671de1fa088)
2024-06-13T11:42:10 - 11:42:10 VERB PuppetRoomMemberMixin roomMemberPayload(roomId=@@0e4be7fddbd83d2856269be07eed04ee2d614cda90a2e7b8df987671de1fa088, memberId=@12e494699c43f873e8663d216bce1bb2109d9c4b7fa3e3c1ecab05a843790441)
2024-06-13T11:42:10 - 11:42:10 VERB PuppetWechat4u roomMemberRawPayload(@@0e4be7fddbd83d2856269be07eed04ee2d614cda90a2e7b8df987671de1fa088, @12e494699c43f873e8663d216bce1bb2109d9c4b7fa3e3c1ecab05a843790441)
2024-06-13T11:42:10 - 11:42:10 VERB PuppetWechat4u roomRawPayload(@@0e4be7fddbd83d2856269be07eed04ee2d614cda90a2e7b8df987671de1fa088)
2024-06-13T11:42:10 - 11:42:10 VERB PuppetRoomMemberMixin roomMemberPayload(roomId=@@0e4be7fddbd83d2856269be07eed04ee2d614cda90a2e7b8df987671de1fa088, memberId=@c660e12c01119616de70a6c54a36ba59a9990fd54def5211bc33e59ac52e7e54)
2024-06-13T11:42:10 - 11:42:10 VERB PuppetWechat4u roomMemberRawPayload(@@0e4be7fddbd83d2856269be07eed04ee2d614cda90a2e7b8df987671de1fa088, @c660e12c01119616de70a6c54a36ba59a9990fd54def5211bc33e59ac52e7e54)
2024-06-13T11:42:10 - 11:42:10 VERB PuppetWechat4u roomRawPayload(@@0e4be7fddbd83d2856269be07eed04ee2d614cda90a2e7b8df987671de1fa088)
2024-06-13T11:42:10 - 11:42:10 VERB PuppetRoomMemberMixin roomMemberSearch(@@0e4be7fddbd83d2856269be07eed04ee2d614cda90a2e7b8df987671de1fa088, {"name":"小崎"})
2024-06-13T11:42:10 - 11:42:10 VERB PuppetContactMixin contactSearch(query={"name":"小崎"}, idList.length = 3)
2024-06-13T11:42:10 - 11:42:10 VERB PuppetContactMixin contactQueryFilterFactory({"name":"小崎"})
2024-06-13T11:42:10 - 11:42:10 VERB PuppetRoomMemberMixin roomMemberSearch(@@0e4be7fddbd83d2856269be07eed04ee2d614cda90a2e7b8df987671de1fa088, {"contactAlias":"小崎"})
2024-06-13T11:42:10 - 11:42:10 VERB PuppetContactMixin contactSearch(query={"alias":"小崎"}, idList.length = 3)
2024-06-13T11:42:10 - 11:42:10 VERB PuppetContactMixin contactQueryFilterFactory({"alias":"小崎"})
2024-06-13T11:42:10 - 11:42:10 VERB PuppetWechat4u contactRawPayload(@@0e4be7fddbd83d2856269be07eed04ee2d614cda90a2e7b8df987671de1fa088) retry() attempt=1
2024-06-13T11:42:10 - 11:42:10 VERB PuppetWechat4u contactRawPayload(@@0e4be7fddbd83d2856269be07eed04ee2d614cda90a2e7b8df987671de1fa088) retry() attempt=1
2024-06-13T11:42:10 - 11:42:10 VERB PuppetWechat4u contactRawPayload(@@0e4be7fddbd83d2856269be07eed04ee2d614cda90a2e7b8df987671de1fa088) retry() attempt=1
2024-06-13T11:42:10 - 11:42:10 VERB PuppetWechat4u roomMemberRawPayloadParser([object Object])
2024-06-13T11:42:10 - 11:42:10 VERB PuppetWechat4u roomMemberRawPayloadParser([object Object])
2024-06-13T11:42:10 - 11:42:10 VERB PuppetWechat4u roomMemberRawPayloadParser([object Object])
2024-06-13T11:42:10 - 11:42:10 VERB Message static load(5626523448395216632)
2024-06-13T11:42:10 - 11:42:10 VERB Message constructor(5626523448395216632) for class WechatifiedMessageImpl
2024-06-13T11:42:10 - 11:42:10 VERB Message ready()
2024-06-13T11:42:10 - 11:42:10 VERB PuppetMessageMixin messagePayload(5626523448395216632)
2024-06-13T11:42:10 - 进入群消息
2024-06-13T11:42:10 - 群消息是 文本 消息
2024-06-13T11:42:10 - 11:42:10 VERB Room topic()
2024-06-13T11:42:10 - 11:42:10 VERB Message mentionList()
2024-06-13T11:42:10 - content[@小崎 你真厉害]
2024-06-13T11:42:10 - 11:42:10 VERB ContactSelf name()
2024-06-13T11:42:10 - 11:42:10 VERB Message mentionList()
2024-06-13T11:42:10 - 进入群文本消息处理，被@[false],@所有人[false]
2024-06-13T11:42:10 - 11:42:10 VERB Room topic()
2024-06-13T11:42:10 - topic[咱们仨] whiltelist[aaa,bbb咱们仨] whilte talkers[*]
2024-06-13T11:42:10 - 11:42:10 VERB Room topic()
2024-06-13T11:42:10 - topic[咱们仨] whiltelist[abc测试群,咱们仨1] whilte talkers[*]
2024-06-13T11:42:10 - 11:42:10 VERB Room topic()
2024-06-13T11:42:10 - topic[咱们仨] whiltelist[abc测试群] whilte talkers[*]
2024-06-13T11:42:10 - 11:42:10 VERB Room topic()
2024-06-13T11:42:10 - topic[咱们仨] whiltelist[*] whilte talkers[undefined]
2024-06-13T11:42:10 - 群名和发消息人校验通过，进入 动作 规则处理
2024-06-13T11:42:10 - 11:42:10 VERB Room topic()
2024-06-13T11:42:10 - topic[咱们仨] whiltelist[*] whilte talkers[undefined]
2024-06-13T11:42:10 - 群名和发消息人校验通过，进入 动作 规则处理
2024-06-13T11:42:10 - 11:42:10 VERB Room topic()
2024-06-13T11:42:10 - topic[咱们仨] whiltelist[*] whilte talkers[undefined]
2024-06-13T11:42:10 - 群名和发消息人校验通过，进入 动作 规则处理
2024-06-13T11:42:10 - 11:42:10 VERB Room topic()
2024-06-13T11:42:10 - topic[咱们仨] whiltelist[*] whilte talkers[undefined]
2024-06-13T11:42:10 - 群名和发消息人校验通过，进入 动作 规则处理
2024-06-13T11:42:13 - 11:42:13 VERB Message find({"id":"5093710122314543275"})
2024-06-13T11:42:13 - 11:42:13 VERB Message findAll({"id":"5093710122314543275"})
2024-06-13T11:42:13 - 11:42:13 VERB PuppetMessageMixin messageSearch({"id":"5093710122314543275"})
2024-06-13T11:42:13 - 11:42:13 VERB PuppetMessageMixin messagePayload(5093710122314543275)
2024-06-13T11:42:13 - 11:42:13 VERB PuppetWechat4u messageRawPayload(5093710122314543275)
2024-06-13T11:42:13 - 11:42:13 VERB PuppetWechat4u messageRawPayloadParser([object Object]) @ Puppet<PuppetWechat4u>(hml)
2024-06-13T11:42:13 - 11:42:13 VERB Message mention()
2024-06-13T11:42:13 - 11:42:13 VERB PuppetRoomMemberMixin roomMemberSearch(@@0e4be7fddbd83d2856269be07eed04ee2d614cda90a2e7b8df987671de1fa088, "小崎")
2024-06-13T11:42:13 - 11:42:13 VERB PuppetWechat4u roommemberList(@@0e4be7fddbd83d2856269be07eed04ee2d614cda90a2e7b8df987671de1fa088)
2024-06-13T11:42:13 - 11:42:13 VERB PuppetWechat4u roomRawPayload(@@0e4be7fddbd83d2856269be07eed04ee2d614cda90a2e7b8df987671de1fa088)
2024-06-13T11:42:13 - 11:42:13 VERB PuppetWechat4u contactRawPayload(@@0e4be7fddbd83d2856269be07eed04ee2d614cda90a2e7b8df987671de1fa088) retry() attempt=1
2024-06-13T11:42:13 - 11:42:13 VERB PuppetRoomMemberMixin roomMemberSearch(@@0e4be7fddbd83d2856269be07eed04ee2d614cda90a2e7b8df987671de1fa088, {"roomAlias":"小崎"})
2024-06-13T11:42:13 - 11:42:13 VERB PuppetRoomMemberMixin roomMemberPayload(roomId=@@0e4be7fddbd83d2856269be07eed04ee2d614cda90a2e7b8df987671de1fa088, memberId=@648d609839dbc337f0700529ba5c6886)
2024-06-13T11:42:13 - 11:42:13 VERB PuppetWechat4u roomMemberRawPayload(@@0e4be7fddbd83d2856269be07eed04ee2d614cda90a2e7b8df987671de1fa088, @648d609839dbc337f0700529ba5c6886)
2024-06-13T11:42:13 - 11:42:13 VERB PuppetWechat4u roomRawPayload(@@0e4be7fddbd83d2856269be07eed04ee2d614cda90a2e7b8df987671de1fa088)
2024-06-13T11:42:13 - 11:42:13 VERB PuppetRoomMemberMixin roomMemberPayload(roomId=@@0e4be7fddbd83d2856269be07eed04ee2d614cda90a2e7b8df987671de1fa088, memberId=@12e494699c43f873e8663d216bce1bb2109d9c4b7fa3e3c1ecab05a843790441)
2024-06-13T11:42:13 - 11:42:13 VERB PuppetWechat4u roomMemberRawPayload(@@0e4be7fddbd83d2856269be07eed04ee2d614cda90a2e7b8df987671de1fa088, @12e494699c43f873e8663d216bce1bb2109d9c4b7fa3e3c1ecab05a843790441)
2024-06-13T11:42:13 - 11:42:13 VERB PuppetWechat4u roomRawPayload(@@0e4be7fddbd83d2856269be07eed04ee2d614cda90a2e7b8df987671de1fa088)
2024-06-13T11:42:13 - 11:42:13 VERB PuppetRoomMemberMixin roomMemberPayload(roomId=@@0e4be7fddbd83d2856269be07eed04ee2d614cda90a2e7b8df987671de1fa088, memberId=@c660e12c01119616de70a6c54a36ba59a9990fd54def5211bc33e59ac52e7e54)
2024-06-13T11:42:13 - 11:42:13 VERB PuppetWechat4u roomMemberRawPayload(@@0e4be7fddbd83d2856269be07eed04ee2d614cda90a2e7b8df987671de1fa088, @c660e12c01119616de70a6c54a36ba59a9990fd54def5211bc33e59ac52e7e54)
2024-06-13T11:42:13 - 11:42:13 VERB PuppetWechat4u roomRawPayload(@@0e4be7fddbd83d2856269be07eed04ee2d614cda90a2e7b8df987671de1fa088)
2024-06-13T11:42:13 - 11:42:13 VERB PuppetRoomMemberMixin roomMemberSearch(@@0e4be7fddbd83d2856269be07eed04ee2d614cda90a2e7b8df987671de1fa088, {"name":"小崎"})
2024-06-13T11:42:13 - 11:42:13 VERB PuppetContactMixin contactSearch(query={"name":"小崎"}, idList.length = 3)
2024-06-13T11:42:13 - 11:42:13 VERB PuppetContactMixin contactQueryFilterFactory({"name":"小崎"})
2024-06-13T11:42:13 - 11:42:13 VERB PuppetRoomMemberMixin roomMemberSearch(@@0e4be7fddbd83d2856269be07eed04ee2d614cda90a2e7b8df987671de1fa088, {"contactAlias":"小崎"})
2024-06-13T11:42:13 - 11:42:13 VERB PuppetContactMixin contactSearch(query={"alias":"小崎"}, idList.length = 3)
2024-06-13T11:42:13 - 11:42:13 VERB PuppetContactMixin contactQueryFilterFactory({"alias":"小崎"})
2024-06-13T11:42:13 - 11:42:13 VERB PuppetWechat4u contactRawPayload(@@0e4be7fddbd83d2856269be07eed04ee2d614cda90a2e7b8df987671de1fa088) retry() attempt=1
2024-06-13T11:42:13 - 11:42:13 VERB PuppetWechat4u contactRawPayload(@@0e4be7fddbd83d2856269be07eed04ee2d614cda90a2e7b8df987671de1fa088) retry() attempt=1
2024-06-13T11:42:13 - 11:42:13 VERB PuppetWechat4u contactRawPayload(@@0e4be7fddbd83d2856269be07eed04ee2d614cda90a2e7b8df987671de1fa088) retry() attempt=1
2024-06-13T11:42:13 - 11:42:13 VERB PuppetWechat4u roomMemberRawPayloadParser([object Object])
2024-06-13T11:42:13 - 11:42:13 VERB PuppetWechat4u roomMemberRawPayloadParser([object Object])
2024-06-13T11:42:13 - 11:42:13 VERB PuppetWechat4u roomMemberRawPayloadParser([object Object])
2024-06-13T11:42:13 - 11:42:13 VERB Message static load(5093710122314543275)
2024-06-13T11:42:13 - 11:42:13 VERB Message constructor(5093710122314543275) for class WechatifiedMessageImpl
2024-06-13T11:42:13 - 11:42:13 VERB Message ready()
2024-06-13T11:42:13 - 11:42:13 VERB PuppetMessageMixin messagePayload(5093710122314543275)
2024-06-13T11:42:13 - 进入群消息
2024-06-13T11:42:13 - 群消息是 文本 消息
2024-06-13T11:42:13 - 11:42:13 VERB Room topic()
2024-06-13T11:42:13 - 11:42:13 VERB Message mentionList()
2024-06-13T11:42:13 - content[@小崎 你真厉害]
2024-06-13T11:42:13 - 11:42:13 VERB ContactSelf name()
2024-06-13T11:42:13 - 11:42:13 VERB Message mentionList()
2024-06-13T11:42:13 - 进入群文本消息处理，被@[false],@所有人[false]
2024-06-13T11:42:13 - 11:42:13 VERB Room topic()
2024-06-13T11:42:13 - topic[咱们仨] whiltelist[aaa,bbb咱们仨] whilte talkers[*]
2024-06-13T11:42:13 - 11:42:13 VERB Room topic()
2024-06-13T11:42:13 - topic[咱们仨] whiltelist[abc测试群,咱们仨1] whilte talkers[*]
2024-06-13T11:42:13 - 11:42:13 VERB Room topic()
2024-06-13T11:42:13 - topic[咱们仨] whiltelist[abc测试群] whilte talkers[*]
2024-06-13T11:42:13 - 11:42:13 VERB Room topic()
2024-06-13T11:42:13 - topic[咱们仨] whiltelist[*] whilte talkers[undefined]
2024-06-13T11:42:13 - 群名和发消息人校验通过，进入 动作 规则处理
2024-06-13T11:42:13 - 11:42:13 VERB Room topic()
2024-06-13T11:42:13 - topic[咱们仨] whiltelist[*] whilte talkers[undefined]
2024-06-13T11:42:13 - 群名和发消息人校验通过，进入 动作 规则处理
2024-06-13T11:42:13 - 11:42:13 VERB Room topic()
2024-06-13T11:42:13 - topic[咱们仨] whiltelist[*] whilte talkers[undefined]
2024-06-13T11:42:13 - 群名和发消息人校验通过，进入 动作 规则处理
2024-06-13T11:42:13 - 11:42:13 VERB Room topic()
2024-06-13T11:42:13 - topic[咱们仨] whiltelist[*] whilte talkers[undefined]
2024-06-13T11:42:13 - 群名和发消息人校验通过，进入 动作 规则处理
2024-06-13T11:42:16 - ------------<<<<>>>>>>-----------Bot received heartbeat: heartbeat@puppet-wechat4u:normal
2024-06-13T11:42:31 - ------------<<<<>>>>>>-----------Bot received heartbeat: heartbeat@puppet-wechat4u:normal
2024-06-13T11:42:32 - Received SIGINT signal, closing child process...
